<?xml version="1.0" encoding="UTF-8"?>
<!-- Generated by org.testng.reporters.JUnitXMLReporter -->
<testsuite ignored="0" hostname="DESKTOP-N2PRSIL" failures="0" tests="12" name="Test" time="56.294" errors="0" timestamp="2025-03-10T16:12:25 IST">
  <testcase classname="testBase.BaseClass" name="LoginDetails" time="1.085"/>
  <testcase classname="testCases.TC_001CreateCAS" name="NavigateToCreateCASExperiencePage" time="4.085"/>
  <testcase classname="testCases.TC_001CreateCAS" name="CreateCASExperience" time="4.997"/>
  <testcase classname="testBase.BaseClass" name="LoginDetails" time="0.533"/>
  <testcase classname="testCases.TC_002CreateSAS" name="NavigateToSASpage" time="4.001"/>
  <testcase classname="testCases.TC_002CreateSAS" name="CreateSASExperience" time="4.946"/>
  <testcase classname="testBase.BaseClass" name="LoginDetails" time="0.365"/>
  <testcase classname="testCases.TC_004PersonalProject" name="NavigateToPersonalProjectPage" time="4.293"/>
  <testcase classname="testCases.TC_004PersonalProject" name="CreatePersonalProject" time="2.978"/>
  <testcase classname="testBase.BaseClass" name="LoginDetails" time="0.62"/>
  <testcase classname="testCases.TC_003TOKExhibition" name="NavigateToTokExhibitonpage" time="4.006"/>
  <testcase classname="testCases.TC_003TOKExhibition" name="SelectTheTokExhibition" time="5.641"/>
</testsuite> <!-- Test -->
