<?xml version="1.0" encoding="UTF-8"?>
<testng-results ignored="0" total="12" passed="12" failed="0" skipped="0">
  <reporter-output>
  </reporter-output>
  <suite started-at="2025-03-10T16:11:27 IST" name="Suite" finished-at="2025-03-10T16:12:23 IST" duration-ms="56294">
    <groups>
    </groups>
    <test started-at="2025-03-10T16:11:27 IST" name="Test" finished-at="2025-03-10T16:12:23 IST" duration-ms="56294">
      <class name="testCases.TC_003TOKExhibition">
        <test-method is-config="true" signature="Setup()[pri:0, instance:testCases.TC_003TOKExhibition@71329995]" started-at="2025-03-10T16:12:08 IST" name="Setup" finished-at="2025-03-10T16:12:11 IST" duration-ms="3191" status="PASS">
          <reporter-output>
          </reporter-output>
        </test-method> <!-- Setup -->
        <test-method signature="LoginDetails()[pri:1, instance:testCases.TC_003TOKExhibition@71329995]" started-at="2025-03-10T16:12:11 IST" name="LoginDetails" finished-at="2025-03-10T16:12:12 IST" duration-ms="620" status="PASS">
          <reporter-output>
          </reporter-output>
        </test-method> <!-- LoginDetails -->
        <test-method is-config="true" signature="captureFailureScreenshot(org.testng.ITestResult)[pri:0, instance:testCases.TC_003TOKExhibition@71329995]" started-at="2025-03-10T16:12:12 IST" name="captureFailureScreenshot" finished-at="2025-03-10T16:12:12 IST" duration-ms="1" status="PASS">
          <params>
            <param index="0">
              <value>
                <![CDATA[[TestResult name=LoginDetails status=SUCCESS method=BaseClass.LoginDetails()[pri:1, instance:testCases.TC_003TOKExhibition@71329995] output={null}]]]>
              </value>
            </param>
          </params>
          <reporter-output>
          </reporter-output>
        </test-method> <!-- captureFailureScreenshot -->
        <test-method signature="NavigateToTokExhibitonpage()[pri:2, instance:testCases.TC_003TOKExhibition@71329995]" started-at="2025-03-10T16:12:12 IST" name="NavigateToTokExhibitonpage" finished-at="2025-03-10T16:12:16 IST" duration-ms="4006" status="PASS">
          <reporter-output>
          </reporter-output>
        </test-method> <!-- NavigateToTokExhibitonpage -->
        <test-method is-config="true" signature="captureFailureScreenshot(org.testng.ITestResult)[pri:0, instance:testCases.TC_003TOKExhibition@71329995]" started-at="2025-03-10T16:12:16 IST" name="captureFailureScreenshot" finished-at="2025-03-10T16:12:16 IST" duration-ms="1" status="PASS">
          <params>
            <param index="0">
              <value>
                <![CDATA[[TestResult name=NavigateToTokExhibitonpage status=SUCCESS method=TC_003TOKExhibition.NavigateToTokExhibitonpage()[pri:2, instance:testCases.TC_003TOKExhibition@71329995] output={null}]]]>
              </value>
            </param>
          </params>
          <reporter-output>
          </reporter-output>
        </test-method> <!-- captureFailureScreenshot -->
        <test-method signature="SelectTheTokExhibition()[pri:3, instance:testCases.TC_003TOKExhibition@71329995]" started-at="2025-03-10T16:12:16 IST" name="SelectTheTokExhibition" finished-at="2025-03-10T16:12:21 IST" duration-ms="5641" status="PASS">
          <reporter-output>
          </reporter-output>
        </test-method> <!-- SelectTheTokExhibition -->
        <test-method is-config="true" signature="captureFailureScreenshot(org.testng.ITestResult)[pri:0, instance:testCases.TC_003TOKExhibition@71329995]" started-at="2025-03-10T16:12:21 IST" name="captureFailureScreenshot" finished-at="2025-03-10T16:12:21 IST" duration-ms="2" status="PASS">
          <params>
            <param index="0">
              <value>
                <![CDATA[[TestResult name=SelectTheTokExhibition status=SUCCESS method=TC_003TOKExhibition.SelectTheTokExhibition()[pri:3, instance:testCases.TC_003TOKExhibition@71329995] output={null}]]]>
              </value>
            </param>
          </params>
          <reporter-output>
          </reporter-output>
        </test-method> <!-- captureFailureScreenshot -->
        <test-method is-config="true" signature="close()[pri:0, instance:testCases.TC_003TOKExhibition@71329995]" started-at="2025-03-10T16:12:21 IST" name="close" finished-at="2025-03-10T16:12:23 IST" duration-ms="1847" status="PASS">
          <reporter-output>
          </reporter-output>
        </test-method> <!-- close -->
      </class> <!-- testCases.TC_003TOKExhibition -->
      <class name="testCases.TC_001CreateCAS">
        <test-method is-config="true" signature="Setup()[pri:0, instance:testCases.TC_001CreateCAS@301eda63]" started-at="2025-03-10T16:11:27 IST" name="Setup" finished-at="2025-03-10T16:11:32 IST" duration-ms="4856" status="PASS">
          <reporter-output>
          </reporter-output>
        </test-method> <!-- Setup -->
        <test-method signature="LoginDetails()[pri:1, instance:testCases.TC_001CreateCAS@301eda63]" started-at="2025-03-10T16:11:32 IST" name="LoginDetails" finished-at="2025-03-10T16:11:33 IST" duration-ms="1085" status="PASS">
          <reporter-output>
          </reporter-output>
        </test-method> <!-- LoginDetails -->
        <test-method is-config="true" signature="captureFailureScreenshot(org.testng.ITestResult)[pri:0, instance:testCases.TC_001CreateCAS@301eda63]" started-at="2025-03-10T16:11:33 IST" name="captureFailureScreenshot" finished-at="2025-03-10T16:11:33 IST" duration-ms="3" status="PASS">
          <params>
            <param index="0">
              <value>
                <![CDATA[[TestResult name=LoginDetails status=SUCCESS method=BaseClass.LoginDetails()[pri:1, instance:testCases.TC_001CreateCAS@301eda63] output={null}]]]>
              </value>
            </param>
          </params>
          <reporter-output>
          </reporter-output>
        </test-method> <!-- captureFailureScreenshot -->
        <test-method signature="NavigateToCreateCASExperiencePage()[pri:2, instance:testCases.TC_001CreateCAS@301eda63]" started-at="2025-03-10T16:11:33 IST" name="NavigateToCreateCASExperiencePage" finished-at="2025-03-10T16:11:38 IST" duration-ms="4085" status="PASS">
          <reporter-output>
          </reporter-output>
        </test-method> <!-- NavigateToCreateCASExperiencePage -->
        <test-method is-config="true" signature="captureFailureScreenshot(org.testng.ITestResult)[pri:0, instance:testCases.TC_001CreateCAS@301eda63]" started-at="2025-03-10T16:11:38 IST" name="captureFailureScreenshot" finished-at="2025-03-10T16:11:38 IST" duration-ms="0" status="PASS">
          <params>
            <param index="0">
              <value>
                <![CDATA[[TestResult name=NavigateToCreateCASExperiencePage status=SUCCESS method=TC_001CreateCAS.NavigateToCreateCASExperiencePage()[pri:2, instance:testCases.TC_001CreateCAS@301eda63] output={null}]]]>
              </value>
            </param>
          </params>
          <reporter-output>
          </reporter-output>
        </test-method> <!-- captureFailureScreenshot -->
        <test-method signature="CreateCASExperience()[pri:3, instance:testCases.TC_001CreateCAS@301eda63]" started-at="2025-03-10T16:11:38 IST" name="CreateCASExperience" finished-at="2025-03-10T16:11:43 IST" duration-ms="4997" status="PASS">
          <reporter-output>
          </reporter-output>
        </test-method> <!-- CreateCASExperience -->
        <test-method is-config="true" signature="captureFailureScreenshot(org.testng.ITestResult)[pri:0, instance:testCases.TC_001CreateCAS@301eda63]" started-at="2025-03-10T16:11:43 IST" name="captureFailureScreenshot" finished-at="2025-03-10T16:11:43 IST" duration-ms="1" status="PASS">
          <params>
            <param index="0">
              <value>
                <![CDATA[[TestResult name=CreateCASExperience status=SUCCESS method=TC_001CreateCAS.CreateCASExperience()[pri:3, instance:testCases.TC_001CreateCAS@301eda63] output={null}]]]>
              </value>
            </param>
          </params>
          <reporter-output>
          </reporter-output>
        </test-method> <!-- captureFailureScreenshot -->
        <test-method is-config="true" signature="close()[pri:0, instance:testCases.TC_001CreateCAS@301eda63]" started-at="2025-03-10T16:11:43 IST" name="close" finished-at="2025-03-10T16:11:43 IST" duration-ms="262" status="PASS">
          <reporter-output>
          </reporter-output>
        </test-method> <!-- close -->
      </class> <!-- testCases.TC_001CreateCAS -->
      <class name="testCases.TC_002CreateSAS">
        <test-method is-config="true" signature="Setup()[pri:0, instance:testCases.TC_002CreateSAS@6f19ac19]" started-at="2025-03-10T16:11:43 IST" name="Setup" finished-at="2025-03-10T16:11:46 IST" duration-ms="2695" status="PASS">
          <reporter-output>
          </reporter-output>
        </test-method> <!-- Setup -->
        <test-method signature="LoginDetails()[pri:1, instance:testCases.TC_002CreateSAS@6f19ac19]" started-at="2025-03-10T16:11:46 IST" name="LoginDetails" finished-at="2025-03-10T16:11:46 IST" duration-ms="533" status="PASS">
          <reporter-output>
          </reporter-output>
        </test-method> <!-- LoginDetails -->
        <test-method is-config="true" signature="captureFailureScreenshot(org.testng.ITestResult)[pri:0, instance:testCases.TC_002CreateSAS@6f19ac19]" started-at="2025-03-10T16:11:46 IST" name="captureFailureScreenshot" finished-at="2025-03-10T16:11:46 IST" duration-ms="2" status="PASS">
          <params>
            <param index="0">
              <value>
                <![CDATA[[TestResult name=LoginDetails status=SUCCESS method=BaseClass.LoginDetails()[pri:1, instance:testCases.TC_002CreateSAS@6f19ac19] output={null}]]]>
              </value>
            </param>
          </params>
          <reporter-output>
          </reporter-output>
        </test-method> <!-- captureFailureScreenshot -->
        <test-method signature="NavigateToSASpage()[pri:2, instance:testCases.TC_002CreateSAS@6f19ac19]" started-at="2025-03-10T16:11:46 IST" name="NavigateToSASpage" finished-at="2025-03-10T16:11:50 IST" duration-ms="4001" status="PASS">
          <reporter-output>
          </reporter-output>
        </test-method> <!-- NavigateToSASpage -->
        <test-method is-config="true" signature="captureFailureScreenshot(org.testng.ITestResult)[pri:0, instance:testCases.TC_002CreateSAS@6f19ac19]" started-at="2025-03-10T16:11:50 IST" name="captureFailureScreenshot" finished-at="2025-03-10T16:11:50 IST" duration-ms="0" status="PASS">
          <params>
            <param index="0">
              <value>
                <![CDATA[[TestResult name=NavigateToSASpage status=SUCCESS method=TC_002CreateSAS.NavigateToSASpage()[pri:2, instance:testCases.TC_002CreateSAS@6f19ac19] output={null}]]]>
              </value>
            </param>
          </params>
          <reporter-output>
          </reporter-output>
        </test-method> <!-- captureFailureScreenshot -->
        <test-method signature="CreateSASExperience()[pri:3, instance:testCases.TC_002CreateSAS@6f19ac19]" started-at="2025-03-10T16:11:50 IST" name="CreateSASExperience" finished-at="2025-03-10T16:11:55 IST" duration-ms="4946" status="PASS">
          <reporter-output>
          </reporter-output>
        </test-method> <!-- CreateSASExperience -->
        <test-method is-config="true" signature="captureFailureScreenshot(org.testng.ITestResult)[pri:0, instance:testCases.TC_002CreateSAS@6f19ac19]" started-at="2025-03-10T16:11:55 IST" name="captureFailureScreenshot" finished-at="2025-03-10T16:11:55 IST" duration-ms="4" status="PASS">
          <params>
            <param index="0">
              <value>
                <![CDATA[[TestResult name=CreateSASExperience status=SUCCESS method=TC_002CreateSAS.CreateSASExperience()[pri:3, instance:testCases.TC_002CreateSAS@6f19ac19] output={null}]]]>
              </value>
            </param>
          </params>
          <reporter-output>
          </reporter-output>
        </test-method> <!-- captureFailureScreenshot -->
        <test-method is-config="true" signature="close()[pri:0, instance:testCases.TC_002CreateSAS@6f19ac19]" started-at="2025-03-10T16:11:55 IST" name="close" finished-at="2025-03-10T16:11:57 IST" duration-ms="1781" status="PASS">
          <reporter-output>
          </reporter-output>
        </test-method> <!-- close -->
      </class> <!-- testCases.TC_002CreateSAS -->
      <class name="testCases.TC_004PersonalProject">
        <test-method is-config="true" signature="Setup()[pri:0, instance:testCases.TC_004PersonalProject@119cbf96]" started-at="2025-03-10T16:11:57 IST" name="Setup" finished-at="2025-03-10T16:12:00 IST" duration-ms="3259" status="PASS">
          <reporter-output>
          </reporter-output>
        </test-method> <!-- Setup -->
        <test-method signature="LoginDetails()[pri:1, instance:testCases.TC_004PersonalProject@119cbf96]" started-at="2025-03-10T16:12:00 IST" name="LoginDetails" finished-at="2025-03-10T16:12:00 IST" duration-ms="365" status="PASS">
          <reporter-output>
          </reporter-output>
        </test-method> <!-- LoginDetails -->
        <test-method is-config="true" signature="captureFailureScreenshot(org.testng.ITestResult)[pri:0, instance:testCases.TC_004PersonalProject@119cbf96]" started-at="2025-03-10T16:12:00 IST" name="captureFailureScreenshot" finished-at="2025-03-10T16:12:00 IST" duration-ms="1" status="PASS">
          <params>
            <param index="0">
              <value>
                <![CDATA[[TestResult name=LoginDetails status=SUCCESS method=BaseClass.LoginDetails()[pri:1, instance:testCases.TC_004PersonalProject@119cbf96] output={null}]]]>
              </value>
            </param>
          </params>
          <reporter-output>
          </reporter-output>
        </test-method> <!-- captureFailureScreenshot -->
        <test-method signature="NavigateToPersonalProjectPage()[pri:2, instance:testCases.TC_004PersonalProject@119cbf96]" started-at="2025-03-10T16:12:00 IST" name="NavigateToPersonalProjectPage" finished-at="2025-03-10T16:12:05 IST" duration-ms="4293" status="PASS">
          <reporter-output>
          </reporter-output>
        </test-method> <!-- NavigateToPersonalProjectPage -->
        <test-method is-config="true" signature="captureFailureScreenshot(org.testng.ITestResult)[pri:0, instance:testCases.TC_004PersonalProject@119cbf96]" started-at="2025-03-10T16:12:05 IST" name="captureFailureScreenshot" finished-at="2025-03-10T16:12:05 IST" duration-ms="2" status="PASS">
          <params>
            <param index="0">
              <value>
                <![CDATA[[TestResult name=NavigateToPersonalProjectPage status=SUCCESS method=TC_004PersonalProject.NavigateToPersonalProjectPage()[pri:2, instance:testCases.TC_004PersonalProject@119cbf96] output={null}]]]>
              </value>
            </param>
          </params>
          <reporter-output>
          </reporter-output>
        </test-method> <!-- captureFailureScreenshot -->
        <test-method signature="CreatePersonalProject()[pri:3, instance:testCases.TC_004PersonalProject@119cbf96]" started-at="2025-03-10T16:12:05 IST" name="CreatePersonalProject" finished-at="2025-03-10T16:12:08 IST" duration-ms="2978" status="PASS">
          <reporter-output>
          </reporter-output>
        </test-method> <!-- CreatePersonalProject -->
        <test-method is-config="true" signature="captureFailureScreenshot(org.testng.ITestResult)[pri:0, instance:testCases.TC_004PersonalProject@119cbf96]" started-at="2025-03-10T16:12:08 IST" name="captureFailureScreenshot" finished-at="2025-03-10T16:12:08 IST" duration-ms="1" status="PASS">
          <params>
            <param index="0">
              <value>
                <![CDATA[[TestResult name=CreatePersonalProject status=SUCCESS method=TC_004PersonalProject.CreatePersonalProject()[pri:3, instance:testCases.TC_004PersonalProject@119cbf96] output={null}]]]>
              </value>
            </param>
          </params>
          <reporter-output>
          </reporter-output>
        </test-method> <!-- captureFailureScreenshot -->
        <test-method is-config="true" signature="close()[pri:0, instance:testCases.TC_004PersonalProject@119cbf96]" started-at="2025-03-10T16:12:08 IST" name="close" finished-at="2025-03-10T16:12:08 IST" duration-ms="195" status="PASS">
          <reporter-output>
          </reporter-output>
        </test-method> <!-- close -->
      </class> <!-- testCases.TC_004PersonalProject -->
    </test> <!-- Test -->
  </suite> <!-- Suite -->
</testng-results>
