<?xml version="1.0" encoding="UTF-8"?>
<!-- Generated by org.testng.reporters.JUnitXMLReporter -->
<testsuite ignored="0" hostname="DESKTOP-N2PRSIL" failures="0" tests="3" name="Default test" time="12.215" errors="0" timestamp="2025-03-03T17:18:37 IST">
  <testcase classname="testBase.BaseClass" name="LoginDetails" time="0.589"/>
  <testcase classname="testCases.TC_004PersonalProject" name="NavigateToPersonalProjectPage" time="3.985"/>
  <testcase classname="testCases.TC_004PersonalProject" name="CreatePersonalProject" time="3.166"/>
</testsuite> <!-- Default test -->
